<?xml version="1.0" encoding="UTF-8"?>
<testng-results skipped="0" failed="0" ignored="0" total="1" passed="1">
  <reporter-output>
  </reporter-output>
  <suite name="Default suite" duration-ms="241700" started-at="2020-06-25T10:58:16 IST" finished-at="2020-06-25T11:02:17 IST">
    <groups>
    </groups>
    <test name="Default test" duration-ms="241700" started-at="2020-06-25T10:58:16 IST" finished-at="2020-06-25T11:02:17 IST">
      <class name="Test.BoardGameTest2">
        <test-method status="PASS" signature="initializerDriver()[pri:0, instance:Test.BoardGameTest2@536aaa8d]" name="initializerDriver" is-config="true" duration-ms="172275" started-at="2020-06-25T10:58:16 IST" finished-at="2020-06-25T11:01:08 IST">
          <reporter-output>
          </reporter-output>
        </test-method> <!-- initializerDriver -->
        <test-method status="PASS" signature="Titlename()[pri:0, instance:Test.BoardGameTest2@536aaa8d]" name="Titlename" duration-ms="69361" started-at="2020-06-25T11:01:08 IST" finished-at="2020-06-25T11:02:17 IST">
          <reporter-output>
          </reporter-output>
        </test-method> <!-- Titlename -->
      </class> <!-- Test.BoardGameTest2 -->
    </test> <!-- Default test -->
  </suite> <!-- Default suite -->
</testng-results>
