<?xml version="1.0" encoding="UTF-8"?>
<testng-results skipped="0" failed="0" ignored="0" total="1" passed="1">
  <reporter-output>
  </reporter-output>
  <suite name="Default suite" duration-ms="17045" started-at="2020-05-20T13:02:27 IST" finished-at="2020-05-20T13:02:45 IST">
    <groups>
      <group name="Demo">
        <method signature="Productinfo.productlist()[pri:1, instance:Test.Productinfo@58fdd99]" name="productlist" class="Test.Productinfo"/>
      </group> <!-- Demo -->
    </groups>
    <test name="Default test" duration-ms="17045" started-at="2020-05-20T13:02:27 IST" finished-at="2020-05-20T13:02:45 IST">
      <class name="Test.Productinfo">
        <test-method status="PASS" signature="initializerDriver()[pri:0, instance:Test.Productinfo@58fdd99]" name="initializerDriver" is-config="true" duration-ms="14378" started-at="2020-05-20T13:02:27 IST" finished-at="2020-05-20T13:02:42 IST">
          <reporter-output>
          </reporter-output>
        </test-method> <!-- initializerDriver -->
        <test-method status="PASS" signature="productlist()[pri:1, instance:Test.Productinfo@58fdd99]" name="productlist" duration-ms="1401" started-at="2020-05-20T13:02:42 IST" finished-at="2020-05-20T13:02:43 IST">
          <reporter-output>
          </reporter-output>
        </test-method> <!-- productlist -->
        <test-method status="PASS" signature="teardown()[pri:0, instance:Test.Productinfo@58fdd99]" name="teardown" is-config="true" duration-ms="1200" started-at="2020-05-20T13:02:43 IST" finished-at="2020-05-20T13:02:45 IST">
          <reporter-output>
          </reporter-output>
        </test-method> <!-- teardown -->
      </class> <!-- Test.Productinfo -->
    </test> <!-- Default test -->
  </suite> <!-- Default suite -->
</testng-results>
