<?xml version="1.0" encoding="UTF-8"?>
<testng-results skipped="0" failed="0" ignored="0" total="1" passed="1">
  <reporter-output>
  </reporter-output>
  <suite name="Default suite" duration-ms="17625" started-at="2020-05-13T01:27:54 IST" finished-at="2020-05-13T01:28:11 IST">
    <groups>
    </groups>
    <test name="Default test" duration-ms="17625" started-at="2020-05-13T01:27:54 IST" finished-at="2020-05-13T01:28:11 IST">
      <class name="Test.PurchaseProduct">
        <test-method status="PASS" signature="productadd()[pri:0, instance:Test.PurchaseProduct@15d9bc04]" name="productadd" duration-ms="16453" started-at="2020-05-13T01:27:54 IST" finished-at="2020-05-13T01:28:10 IST">
          <reporter-output>
          </reporter-output>
        </test-method> <!-- productadd -->
        <test-method status="PASS" signature="teardown()[pri:0, instance:Test.PurchaseProduct@15d9bc04]" name="teardown" is-config="true" duration-ms="1064" started-at="2020-05-13T01:28:10 IST" finished-at="2020-05-13T01:28:11 IST">
          <reporter-output>
          </reporter-output>
        </test-method> <!-- teardown -->
      </class> <!-- Test.PurchaseProduct -->
    </test> <!-- Default test -->
  </suite> <!-- Default suite -->
</testng-results>
